0001   0000             ; Run in Mode 2, Multiplexed/RAM/No ROM, P20: L, P21: H, P22: L
0002   0000             ;
0003   0000                                 .msfirst
0004   0000             ;
0005   0000             ;RAM
0006   0000             RAM_BBU_BOT         .equ    $0040       ;The bottom of "Battery Backup" RAM
0007   0000             RAM_VIO_BOT         .equ    $0057       ;The bottom of "violate" RAM
0008   0000             RAM_VIO_TOP         .equ    $01BF       ;The top of "violate" RAM
0009   0000             ;
0010   0000             ;Subroutines in ROM
0011   0000             PCHAR               .equ    $8054
0012   0000             RCHAR               .equ    $805F
0013   0000             PSTR                .equ    $8068
0014   0000             CLRACC              .equ    $8089
0015   0000             ;
0016   0000             START               .equ    RAM_VIO_BOT
0017   0000             ;
0018   0057                                 .org    START
0019   0057 CC 00 01    FDIVTEST            ldd     #$0001
0020   005A 14 02                           fdiv    #$02       ;1/2
0021   005C BD 80 54                        jsr     PCHAR      ;acc. A has remainder
0022   005F 17                              tba                ;acc. B has result
0023   0060 BD 80 54                        jsr     PCHAR
0024   0063 07                              tpa                ;dump condition codes to acc. A
0025   0064 BD 80 54                        jsr     PCHAR
0026   0067                                 .end
# tasm: Number of errors = 0
